mktextfm SourceSansPro-Regular
mktextfm SourceSansPro-Regular
mktextfm SourceSansPro-Bold
mktextfm SourceSansPro-Bold/I
mktextfm SourceSansPro-Regular
mktextfm SourceSansPro-Regular/BI
mktextfm SourceSansPro-Regular
mktextfm SourceSansPro-Regular/I
mktextfm SourceSansPro-Regular
mktextfm SourceSansPro-Regular
mktextfm SourceSansPro-Bold
mktextfm SourceSansPro-Bold
mktextfm SourceSansPro-Regular
mktextfm SourceSansPro-Regular
mktextfm SourceSansPro-Regular
mktextfm SourceSansPro-Regular
mktextfm SourceSansPro-Regular
mktextfm SourceSansPro-Regular
mktextfm SourceSansPro-Regular
mktextfm SourceSansPro-Bold
mktextfm SourceSansPro-Regular
mktextfm SourceSansPro-Regular
mktextfm SourceSansPro-Bold
mktextfm SourceSansPro-Regular
mktextfm SourceSansPro-Regular
mktextfm SourceSansPro-Bold
mktextfm SourceSansPro-Regular
